<?xml version="1.0" encoding="UTF-8"?>
<!-- Generated by org.testng.reporters.JUnitXMLReporter -->
<testsuite ignored="0" hostname="TSHYDLOFC100154" failures="1" tests="1" name="Default test" time="26.395" errors="0" timestamp="2024-07-28T13:57:34 IST">
  <testcase classname="io.cucumber.testng.AbstractTestNGCucumberTests" name="runScenario" time="25.497">
    <failure type="java.lang.AssertionError" message="expected [true] but found [false]">
      <![CDATA[java.lang.AssertionError: expected [true] but found [false]
at org.testng.Assert.fail(Assert.java:99)
at org.testng.Assert.failNotEquals(Assert.java:1037)
at org.testng.Assert.assertTrue(Assert.java:45)
at org.testng.Assert.assertTrue(Assert.java:55)
at chat.automation.framework.helper.ActionsHelper.findObject(ActionsHelper.java:102)
at chat.automation.framework.helper.ActionsHelper.setValue(ActionsHelper.java:477)
at chat.automation.Template.actions.LoginWinWeb.LaunchURL(LoginWinWeb.java:12)
at chat.automation.Template.stepDefinitions.TemplateDefinitionFile.login_to_win_web_page(TemplateDefinitionFile.java:17)
at âœ½.Login to Win Web Page "https://google.co.in"(file:///D:/TFS/Win/QA/CLHAutomation-Selenium/ISP%20Workspace/ProjectFramework_V3_TEST/src/test/resources/features/Template.feature:25)
]]>
    </failure>
  </testcase> <!-- runScenario -->
</testsuite> <!-- Default test -->
