<?xml version="1.0" encoding="UTF-8"?>
<!-- Generated by org.testng.reporters.JUnitReportReporter -->
<testsuite hostname="TSHYDLOFC100154" failures="1" tests="1" name="chat.automation.Template.runner.TemplateTestRunner" time="25.497" errors="0" timestamp="2024-07-28T13:57:35 IST" skipped="0">
  <testcase classname="chat.automation.Template.runner.TemplateTestRunner" name="runScenario" time="25.497">
    <failure message="expected [true] but found [false]" type="java.lang.AssertionError">
      <![CDATA[java.lang.AssertionError: expected [true] but found [false]
at org.testng.Assert.fail(Assert.java:99)
at org.testng.Assert.failNotEquals(Assert.java:1037)
at org.testng.Assert.assertTrue(Assert.java:45)
at org.testng.Assert.assertTrue(Assert.java:55)
at chat.automation.framework.helper.ActionsHelper.findObject(ActionsHelper.java:102)
at chat.automation.framework.helper.ActionsHelper.setValue(ActionsHelper.java:477)
at chat.automation.Template.actions.LoginWinWeb.LaunchURL(LoginWinWeb.java:12)
at chat.automation.Template.stepDefinitions.TemplateDefinitionFile.login_to_win_web_page(TemplateDefinitionFile.java:17)
at âœ½.Login to Win Web Page "https://google.co.in"(file:///D:/TFS/Win/QA/CLHAutomation-Selenium/ISP%20Workspace/ProjectFramework_V3_TEST/src/test/resources/features/Template.feature:25)
]]>
    </failure>
  </testcase> <!-- runScenario -->
  <system-out/>
</testsuite> <!-- chat.automation.Template.runner.TemplateTestRunner -->
